<?xml version="1.0" encoding="UTF-8"?>
<!-- Generated by org.testng.reporters.JUnitReportReporter -->
<testsuite hostname="Jithendra" failures="0" tests="1" name="generic.BaseTest" time="0.031" errors="0" timestamp="2025-05-02T15:32:27 IST" skipped="0">
  <testcase classname="generic.BaseTest" name="testCaseName" time="0.031"/>
  <system-out>
    <![CDATA[TEST() method]]>
  </system-out>
</testsuite> <!-- generic.BaseTest -->
