<?xml version="1.0" encoding="UTF-8"?>
<!-- Generated by org.testng.reporters.JUnitReportReporter -->
<testsuite hostname="Jithendra" failures="0" tests="1" name="test.LoginTest" time="3.146" errors="0" timestamp="2025-05-19T22:13:24 IST" skipped="0">
  <testcase classname="test.LoginTest" name="loginTestCase" time="3.146"/>
  <system-out>
    <![CDATA[LIST : TestCase Started 
**Login is success**]]>
  </system-out>
</testsuite> <!-- test.LoginTest -->
