<?xml version="1.0" encoding="UTF-8"?>
<!-- Generated by org.testng.reporters.JUnitReportReporter -->
<testsuite hostname="Jithendra" failures="0" tests="1" name="test.LogoutTest" time="0.558" errors="0" timestamp="2025-05-04T19:01:35 IST" skipped="0">
  <testcase classname="test.LogoutTest" name="logoutTestCase" time="0.558"/>
  <system-out>
    <![CDATA[LIST : TestCase Started ]]>
  </system-out>
</testsuite> <!-- test.LogoutTest -->
