<?xml version="1.0" encoding="UTF-8"?>
<!-- Generated by org.testng.reporters.JUnitReportReporter -->
<testsuite hostname="Jithendra" failures="0" tests="1" name="test.LoginTest" time="1.783" errors="0" timestamp="2025-05-04T19:01:35 IST" skipped="0">
  <testcase classname="test.LoginTest" name="loginTestCase" time="1.783"/>
  <system-out>
    <![CDATA[LIST : TestCase Started 
**Login is success**]]>
  </system-out>
</testsuite> <!-- test.LoginTest -->
